pyserver runing Sun Aug  6 16:16:38 2017
pyserver runing Sun Aug  6 16:17:47 2017
pyserver runing Sun Aug  6 16:18:17 2017
pyserver runing Sun Aug  6 16:18:48 2017
pyserver runing Sun Aug  6 16:19:00 2017
pyserver runing Sun Aug  6 16:20:03 2017
zzj runing Mon Aug  7 14:28:07 2017
zzj runing Mon Aug  7 14:36:57 2017
zzj runing Mon Aug  7 14:37:41 2017
zzj runing Mon Aug  7 14:38:05 2017
zzj runing Mon Aug  7 14:38:24 2017
zzj runing Mon Aug  7 14:38:39 2017
onePiece checking runing Mon Aug  7 14:50:49 2017
utf-8
urce":6}],"n-874":[{"id":9124,"title":"巴姆大王","source":1},{"id":9125,"title":"巴姆大王","source":6}]}}}}}
['874']
Traceback (most recent call last):
  File "/home/fire/MyFile/manka/onePiece/onePiece.py", line 81, in <module>
    getNewest()
  File "/home/fire/MyFile/manka/onePiece/onePiece.py", line 28, in getNewest
    with open(os.getcwd()+r"/newest.txt",'r') as f:
FileNotFoundError: [Errno 2] No such file or directory: '//newest.txt'
onePiece checking runing Mon Aug  7 14:50:52 2017
utf-8
urce":6}],"n-874":[{"id":9124,"title":"巴姆大王","source":1},{"id":9125,"title":"巴姆大王","source":6}]}}}}}
['874']
Traceback (most recent call last):
  File "/home/fire/MyFile/manka/onePiece/onePiece.py", line 81, in <module>
    getNewest()
  File "/home/fire/MyFile/manka/onePiece/onePiece.py", line 28, in getNewest
    with open(os.getcwd()+r"/newest.txt",'r') as f:
FileNotFoundError: [Errno 2] No such file or directory: '//newest.txt'
onePiece checking runing Mon Aug  7 14:50:54 2017
utf-8
urce":6}],"n-874":[{"id":9124,"title":"巴姆大王","source":1},{"id":9125,"title":"巴姆大王","source":6}]}}}}}
['874']
Traceback (most recent call last):
  File "/home/fire/MyFile/manka/onePiece/onePiece.py", line 81, in <module>
    getNewest()
  File "/home/fire/MyFile/manka/onePiece/onePiece.py", line 28, in getNewest
    with open(os.getcwd()+r"/newest.txt",'r') as f:
FileNotFoundError: [Errno 2] No such file or directory: '//newest.txt'
onePiece checking runing Mon Aug  7 14:50:56 2017
utf-8
urce":6}],"n-874":[{"id":9124,"title":"巴姆大王","source":1},{"id":9125,"title":"巴姆大王","source":6}]}}}}}
['874']
Traceback (most recent call last):
  File "/home/fire/MyFile/manka/onePiece/onePiece.py", line 81, in <module>
    getNewest()
  File "/home/fire/MyFile/manka/onePiece/onePiece.py", line 28, in getNewest
    with open(os.getcwd()+r"/newest.txt",'r') as f:
FileNotFoundError: [Errno 2] No such file or directory: '//newest.txt'
onePiece checking runing Mon Aug  7 14:50:58 2017
utf-8
urce":6}],"n-874":[{"id":9124,"title":"巴姆大王","source":1},{"id":9125,"title":"巴姆大王","source":6}]}}}}}
['874']
Traceback (most recent call last):
  File "/home/fire/MyFile/manka/onePiece/onePiece.py", line 81, in <module>
    getNewest()
  File "/home/fire/MyFile/manka/onePiece/onePiece.py", line 28, in getNewest
    with open(os.getcwd()+r"/newest.txt",'r') as f:
FileNotFoundError: [Errno 2] No such file or directory: '//newest.txt'
onePiece checking runing Mon Aug  7 14:51:00 2017
utf-8
urce":6}],"n-874":[{"id":9124,"title":"巴姆大王","source":1},{"id":9125,"title":"巴姆大王","source":6}]}}}}}
['874']
Traceback (most recent call last):
  File "/home/fire/MyFile/manka/onePiece/onePiece.py", line 81, in <module>
    getNewest()
  File "/home/fire/MyFile/manka/onePiece/onePiece.py", line 28, in getNewest
    with open(os.getcwd()+r"/newest.txt",'r') as f:
FileNotFoundError: [Errno 2] No such file or directory: '//newest.txt'
onePiece checking runing Mon Aug  7 14:51:02 2017
utf-8
urce":6}],"n-874":[{"id":9124,"title":"巴姆大王","source":1},{"id":9125,"title":"巴姆大王","source":6}]}}}}}
['874']
Traceback (most recent call last):
  File "/home/fire/MyFile/manka/onePiece/onePiece.py", line 81, in <module>
    getNewest()
  File "/home/fire/MyFile/manka/onePiece/onePiece.py", line 28, in getNewest
    with open(os.getcwd()+r"/newest.txt",'r') as f:
FileNotFoundError: [Errno 2] No such file or directory: '//newest.txt'
onePiece checking runing Mon Aug  7 14:51:04 2017
utf-8
urce":6}],"n-874":[{"id":9124,"title":"巴姆大王","source":1},{"id":9125,"title":"巴姆大王","source":6}]}}}}}
['874']
Traceback (most recent call last):
  File "/home/fire/MyFile/manka/onePiece/onePiece.py", line 81, in <module>
    getNewest()
  File "/home/fire/MyFile/manka/onePiece/onePiece.py", line 28, in getNewest
    with open(os.getcwd()+r"/newest.txt",'r') as f:
FileNotFoundError: [Errno 2] No such file or directory: '//newest.txt'
onePiece checking runing Mon Aug  7 14:51:06 2017
utf-8
urce":6}],"n-874":[{"id":9124,"title":"巴姆大王","source":1},{"id":9125,"title":"巴姆大王","source":6}]}}}}}
['874']
Traceback (most recent call last):
  File "/home/fire/MyFile/manka/onePiece/onePiece.py", line 81, in <module>
    getNewest()
  File "/home/fire/MyFile/manka/onePiece/onePiece.py", line 28, in getNewest
    with open(os.getcwd()+r"/newest.txt",'r') as f:
FileNotFoundError: [Errno 2] No such file or directory: '//newest.txt'
onePiece checking runing Mon Aug  7 14:51:08 2017
utf-8
urce":6}],"n-874":[{"id":9124,"title":"巴姆大王","source":1},{"id":9125,"title":"巴姆大王","source":6}]}}}}}
['874']
Traceback (most recent call last):
  File "/home/fire/MyFile/manka/onePiece/onePiece.py", line 81, in <module>
    getNewest()
  File "/home/fire/MyFile/manka/onePiece/onePiece.py", line 28, in getNewest
    with open(os.getcwd()+r"/newest.txt",'r') as f:
FileNotFoundError: [Errno 2] No such file or directory: '//newest.txt'
onePiece checking runing Mon Aug  7 14:51:10 2017
utf-8
urce":6}],"n-874":[{"id":9124,"title":"巴姆大王","source":1},{"id":9125,"title":"巴姆大王","source":6}]}}}}}
['874']
Traceback (most recent call last):
  File "/home/fire/MyFile/manka/onePiece/onePiece.py", line 81, in <module>
    getNewest()
  File "/home/fire/MyFile/manka/onePiece/onePiece.py", line 28, in getNewest
    with open(os.getcwd()+r"/newest.txt",'r') as f:
FileNotFoundError: [Errno 2] No such file or directory: '//newest.txt'
onePiece checking runing Mon Aug  7 14:51:12 2017
utf-8
urce":6}],"n-874":[{"id":9124,"title":"巴姆大王","source":1},{"id":9125,"title":"巴姆大王","source":6}]}}}}}
['874']
Traceback (most recent call last):
  File "/home/fire/MyFile/manka/onePiece/onePiece.py", line 81, in <module>
    getNewest()
  File "/home/fire/MyFile/manka/onePiece/onePiece.py", line 28, in getNewest
    with open(os.getcwd()+r"/newest.txt",'r') as f:
FileNotFoundError: [Errno 2] No such file or directory: '//newest.txt'
onePiece checking runing Mon Aug  7 14:51:14 2017
utf-8
urce":6}],"n-874":[{"id":9124,"title":"巴姆大王","source":1},{"id":9125,"title":"巴姆大王","source":6}]}}}}}
['874']
Traceback (most recent call last):
  File "/home/fire/MyFile/manka/onePiece/onePiece.py", line 81, in <module>
    getNewest()
  File "/home/fire/MyFile/manka/onePiece/onePiece.py", line 28, in getNewest
    with open(os.getcwd()+r"/newest.txt",'r') as f:
FileNotFoundError: [Errno 2] No such file or directory: '//newest.txt'
onePiece checking runing Mon Aug  7 14:51:16 2017
utf-8
urce":6}],"n-874":[{"id":9124,"title":"巴姆大王","source":1},{"id":9125,"title":"巴姆大王","source":6}]}}}}}
['874']
Traceback (most recent call last):
  File "/home/fire/MyFile/manka/onePiece/onePiece.py", line 81, in <module>
    getNewest()
  File "/home/fire/MyFile/manka/onePiece/onePiece.py", line 28, in getNewest
    with open(os.getcwd()+r"/newest.txt",'r') as f:
FileNotFoundError: [Errno 2] No such file or directory: '//newest.txt'
onePiece checking runing Mon Aug  7 14:51:18 2017
utf-8
urce":6}],"n-874":[{"id":9124,"title":"巴姆大王","source":1},{"id":9125,"title":"巴姆大王","source":6}]}}}}}
['874']
Traceback (most recent call last):
  File "/home/fire/MyFile/manka/onePiece/onePiece.py", line 81, in <module>
    getNewest()
  File "/home/fire/MyFile/manka/onePiece/onePiece.py", line 28, in getNewest
    with open(os.getcwd()+r"/newest.txt",'r') as f:
FileNotFoundError: [Errno 2] No such file or directory: '//newest.txt'
onePiece checking runing Mon Aug  7 14:51:20 2017
utf-8
urce":6}],"n-874":[{"id":9124,"title":"巴姆大王","source":1},{"id":9125,"title":"巴姆大王","source":6}]}}}}}
['874']
Traceback (most recent call last):
  File "/home/fire/MyFile/manka/onePiece/onePiece.py", line 81, in <module>
    getNewest()
  File "/home/fire/MyFile/manka/onePiece/onePiece.py", line 28, in getNewest
    with open(os.getcwd()+r"/newest.txt",'r') as f:
FileNotFoundError: [Errno 2] No such file or directory: '//newest.txt'
onePiece checking runing Mon Aug  7 14:51:22 2017
utf-8
urce":6}],"n-874":[{"id":9124,"title":"巴姆大王","source":1},{"id":9125,"title":"巴姆大王","source":6}]}}}}}
['874']
Traceback (most recent call last):
  File "/home/fire/MyFile/manka/onePiece/onePiece.py", line 81, in <module>
    getNewest()
  File "/home/fire/MyFile/manka/onePiece/onePiece.py", line 28, in getNewest
    with open(os.getcwd()+r"/newest.txt",'r') as f:
FileNotFoundError: [Errno 2] No such file or directory: '//newest.txt'
onePiece checking runing Mon Aug  7 14:51:24 2017
utf-8
urce":6}],"n-874":[{"id":9124,"title":"巴姆大王","source":1},{"id":9125,"title":"巴姆大王","source":6}]}}}}}
['874']
Traceback (most recent call last):
  File "/home/fire/MyFile/manka/onePiece/onePiece.py", line 81, in <module>
    getNewest()
  File "/home/fire/MyFile/manka/onePiece/onePiece.py", line 28, in getNewest
    with open(os.getcwd()+r"/newest.txt",'r') as f:
FileNotFoundError: [Errno 2] No such file or directory: '//newest.txt'
onePiece checking runing Mon Aug  7 14:51:26 2017
utf-8
urce":6}],"n-874":[{"id":9124,"title":"巴姆大王","source":1},{"id":9125,"title":"巴姆大王","source":6}]}}}}}
['874']
Traceback (most recent call last):
  File "/home/fire/MyFile/manka/onePiece/onePiece.py", line 81, in <module>
    getNewest()
  File "/home/fire/MyFile/manka/onePiece/onePiece.py", line 28, in getNewest
    with open(os.getcwd()+r"/newest.txt",'r') as f:
FileNotFoundError: [Errno 2] No such file or directory: '//newest.txt'
onePiece checking runing Mon Aug  7 14:51:28 2017
utf-8
urce":6}],"n-874":[{"id":9124,"title":"巴姆大王","source":1},{"id":9125,"title":"巴姆大王","source":6}]}}}}}
['874']
Traceback (most recent call last):
  File "/home/fire/MyFile/manka/onePiece/onePiece.py", line 81, in <module>
    getNewest()
  File "/home/fire/MyFile/manka/onePiece/onePiece.py", line 28, in getNewest
    with open(os.getcwd()+r"/newest.txt",'r') as f:
FileNotFoundError: [Errno 2] No such file or directory: '//newest.txt'
onePiece checking runing Mon Aug  7 14:51:31 2017
utf-8
urce":6}],"n-874":[{"id":9124,"title":"巴姆大王","source":1},{"id":9125,"title":"巴姆大王","source":6}]}}}}}
['874']
Traceback (most recent call last):
  File "/home/fire/MyFile/manka/onePiece/onePiece.py", line 81, in <module>
    getNewest()
  File "/home/fire/MyFile/manka/onePiece/onePiece.py", line 28, in getNewest
    with open(os.getcwd()+r"/newest.txt",'r') as f:
FileNotFoundError: [Errno 2] No such file or directory: '//newest.txt'
onePiece checking runing Mon Aug  7 14:51:33 2017
utf-8
urce":6}],"n-874":[{"id":9124,"title":"巴姆大王","source":1},{"id":9125,"title":"巴姆大王","source":6}]}}}}}
['874']
Traceback (most recent call last):
  File "/home/fire/MyFile/manka/onePiece/onePiece.py", line 81, in <module>
    getNewest()
  File "/home/fire/MyFile/manka/onePiece/onePiece.py", line 28, in getNewest
    with open(os.getcwd()+r"/newest.txt",'r') as f:
FileNotFoundError: [Errno 2] No such file or directory: '//newest.txt'
onePiece checking runing Mon Aug  7 14:51:35 2017
utf-8
urce":6}],"n-874":[{"id":9124,"title":"巴姆大王","source":1},{"id":9125,"title":"巴姆大王","source":6}]}}}}}
['874']
Traceback (most recent call last):
  File "/home/fire/MyFile/manka/onePiece/onePiece.py", line 81, in <module>
    getNewest()
  File "/home/fire/MyFile/manka/onePiece/onePiece.py", line 28, in getNewest
    with open(os.getcwd()+r"/newest.txt",'r') as f:
FileNotFoundError: [Errno 2] No such file or directory: '//newest.txt'
onePiece checking runing Mon Aug  7 14:51:38 2017
utf-8
urce":6}],"n-874":[{"id":9124,"title":"巴姆大王","source":1},{"id":9125,"title":"巴姆大王","source":6}]}}}}}
['874']
Traceback (most recent call last):
  File "/home/fire/MyFile/manka/onePiece/onePiece.py", line 81, in <module>
    getNewest()
  File "/home/fire/MyFile/manka/onePiece/onePiece.py", line 28, in getNewest
    with open(os.getcwd()+r"/newest.txt",'r') as f:
FileNotFoundError: [Errno 2] No such file or directory: '//newest.txt'
onePiece checking runing Mon Aug  7 14:51:42 2017
utf-8
urce":6}],"n-874":[{"id":9124,"title":"巴姆大王","source":1},{"id":9125,"title":"巴姆大王","source":6}]}}}}}
['874']
Traceback (most recent call last):
  File "/home/fire/MyFile/manka/onePiece/onePiece.py", line 81, in <module>
    getNewest()
  File "/home/fire/MyFile/manka/onePiece/onePiece.py", line 28, in getNewest
    with open(os.getcwd()+r"/newest.txt",'r') as f:
FileNotFoundError: [Errno 2] No such file or directory: '//newest.txt'
onePiece checking runing Mon Aug  7 14:51:46 2017
utf-8
urce":6}],"n-874":[{"id":9124,"title":"巴姆大王","source":1},{"id":9125,"title":"巴姆大王","source":6}]}}}}}
['874']
Traceback (most recent call last):
  File "/home/fire/MyFile/manka/onePiece/onePiece.py", line 81, in <module>
    getNewest()
  File "/home/fire/MyFile/manka/onePiece/onePiece.py", line 28, in getNewest
    with open(os.getcwd()+r"/newest.txt",'r') as f:
FileNotFoundError: [Errno 2] No such file or directory: '//newest.txt'
onePiece checking runing Mon Aug  7 14:51:48 2017
utf-8
urce":6}],"n-874":[{"id":9124,"title":"巴姆大王","source":1},{"id":9125,"title":"巴姆大王","source":6}]}}}}}
['874']
Traceback (most recent call last):
  File "/home/fire/MyFile/manka/onePiece/onePiece.py", line 81, in <module>
    getNewest()
  File "/home/fire/MyFile/manka/onePiece/onePiece.py", line 28, in getNewest
    with open(os.getcwd()+r"/newest.txt",'r') as f:
FileNotFoundError: [Errno 2] No such file or directory: '//newest.txt'
onePiece checking runing Mon Aug  7 14:51:50 2017
utf-8
urce":6}],"n-874":[{"id":9124,"title":"巴姆大王","source":1},{"id":9125,"title":"巴姆大王","source":6}]}}}}}
['874']
Traceback (most recent call last):
  File "/home/fire/MyFile/manka/onePiece/onePiece.py", line 81, in <module>
    getNewest()
  File "/home/fire/MyFile/manka/onePiece/onePiece.py", line 28, in getNewest
    with open(os.getcwd()+r"/newest.txt",'r') as f:
FileNotFoundError: [Errno 2] No such file or directory: '//newest.txt'
onePiece checking runing Mon Aug  7 14:51:52 2017
utf-8
urce":6}],"n-874":[{"id":9124,"title":"巴姆大王","source":1},{"id":9125,"title":"巴姆大王","source":6}]}}}}}
['874']
Traceback (most recent call last):
  File "/home/fire/MyFile/manka/onePiece/onePiece.py", line 81, in <module>
    getNewest()
  File "/home/fire/MyFile/manka/onePiece/onePiece.py", line 28, in getNewest
    with open(os.getcwd()+r"/newest.txt",'r') as f:
FileNotFoundError: [Errno 2] No such file or directory: '//newest.txt'
onePiece checking runing Mon Aug  7 14:51:54 2017
utf-8
urce":6}],"n-874":[{"id":9124,"title":"巴姆大王","source":1},{"id":9125,"title":"巴姆大王","source":6}]}}}}}
['874']
Traceback (most recent call last):
  File "/home/fire/MyFile/manka/onePiece/onePiece.py", line 81, in <module>
    getNewest()
  File "/home/fire/MyFile/manka/onePiece/onePiece.py", line 28, in getNewest
    with open(os.getcwd()+r"/newest.txt",'r') as f:
FileNotFoundError: [Errno 2] No such file or directory: '//newest.txt'
onePiece checking runing Mon Aug  7 14:51:55 2017
utf-8
urce":6}],"n-874":[{"id":9124,"title":"巴姆大王","source":1},{"id":9125,"title":"巴姆大王","source":6}]}}}}}
['874']
Traceback (most recent call last):
  File "/home/fire/MyFile/manka/onePiece/onePiece.py", line 81, in <module>
    getNewest()
  File "/home/fire/MyFile/manka/onePiece/onePiece.py", line 28, in getNewest
    with open(os.getcwd()+r"/newest.txt",'r') as f:
FileNotFoundError: [Errno 2] No such file or directory: '//newest.txt'
onePiece checking runing Mon Aug  7 14:51:57 2017
utf-8
urce":6}],"n-874":[{"id":9124,"title":"巴姆大王","source":1},{"id":9125,"title":"巴姆大王","source":6}]}}}}}
['874']
Traceback (most recent call last):
  File "/home/fire/MyFile/manka/onePiece/onePiece.py", line 81, in <module>
    getNewest()
  File "/home/fire/MyFile/manka/onePiece/onePiece.py", line 28, in getNewest
    with open(os.getcwd()+r"/newest.txt",'r') as f:
FileNotFoundError: [Errno 2] No such file or directory: '//newest.txt'
onePiece checking runing Mon Aug  7 14:52:00 2017
utf-8
urce":6}],"n-874":[{"id":9124,"title":"巴姆大王","source":1},{"id":9125,"title":"巴姆大王","source":6}]}}}}}
['874']
Traceback (most recent call last):
  File "/home/fire/MyFile/manka/onePiece/onePiece.py", line 81, in <module>
    getNewest()
  File "/home/fire/MyFile/manka/onePiece/onePiece.py", line 28, in getNewest
    with open(os.getcwd()+r"/newest.txt",'r') as f:
FileNotFoundError: [Errno 2] No such file or directory: '//newest.txt'
onePiece checking runing Mon Aug  7 14:54:53 2017
  File "/home/fire/MyFile/manka/onePiece/onePiece.py", line 29
    print("old:"last)
                   ^
SyntaxError: invalid syntax
onePiece checking runing Mon Aug  7 14:56:59 2017
onePiece checking runing Mon Aug  7 14:58:34 2017
onePiece checking runing Mon Aug  7 14:59:29 2017
onePiece checking runing Mon Aug  7 15:29:31 2017
onePiece checking runing Mon Aug  7 15:59:32 2017
onePiece checking runing Mon Aug  7 16:29:33 2017
onePiece checking runing Mon Aug  7 16:59:34 2017
onePiece checking runing Mon Aug  7 17:29:35 2017
onePiece checking runing Mon Aug  7 17:59:37 2017
